<?xml version="1.0" encoding="UTF-8"?>
<!-- Generated by org.testng.reporters.JUnitXMLReporter -->
<testsuite hostname="LBNL700248" ignored="0" name="Command line test" tests="7" failures="0" timestamp="2020-04-26T00:08:34 CEST" time="164.161" errors="0">
  <testcase name="createContacts" time="20.009" classname="com.crm.qa.testcases.ContactsPageTest"/>
  <testcase name="createContacts" time="19.78" classname="com.crm.qa.testcases.ContactsPageTest"/>
  <testcase name="homePageTitleTest" time="5.023" classname="com.crm.qa.testcases.HomePageTest"/>
  <testcase name="validateLoggedInUserTest" time="5.153" classname="com.crm.qa.testcases.HomePageTest"/>
  <testcase name="navigateToContactsPage" time="5.35" classname="com.crm.qa.testcases.HomePageTest"/>
  <testcase name="loginPageTitleTest" time="0.034" classname="com.crm.qa.testcases.LoginPageTest"/>
  <testcase name="loginTest" time="6.89" classname="com.crm.qa.testcases.LoginPageTest"/>
</testsuite> <!-- Command line test -->
