<?xml version="1.0" encoding="UTF-8"?>
<!-- Generated by org.testng.reporters.JUnitXMLReporter -->
<testsuite hostname="LBNL700248" ignored="0" name="FREE CRM App Test" tests="7" failures="0" timestamp="2020-04-25T23:01:24 CEST" time="160.615" errors="0">
  <testcase name="loginPageTitleTest" time="0.027" classname="com.crm.qa.testcases.LoginPageTest"/>
  <testcase name="loginTest" time="7.635" classname="com.crm.qa.testcases.LoginPageTest"/>
  <testcase name="homePageTitleTest" time="5.019" classname="com.crm.qa.testcases.HomePageTest"/>
  <testcase name="validateLoggedInUserTest" time="5.097" classname="com.crm.qa.testcases.HomePageTest"/>
  <testcase name="navigateToContactsPage" time="5.332" classname="com.crm.qa.testcases.HomePageTest"/>
  <testcase name="createContacts" time="19.842" classname="com.crm.qa.testcases.ContactsPageTest"/>
  <testcase name="createContacts" time="19.761" classname="com.crm.qa.testcases.ContactsPageTest"/>
</testsuite> <!-- FREE CRM App Test -->
