<?xml version="1.0" encoding="UTF-8"?>
<testng-results skipped="0" failed="0" ignored="0" total="7" passed="7">
  <reporter-output>
  </reporter-output>
  <suite name="FREE CRM Automation Test Suite" duration-ms="160615" started-at="2020-04-25T22:58:43 CEST" finished-at="2020-04-25T23:01:24 CEST">
    <groups>
    </groups>
    <test name="FREE CRM App Test" duration-ms="160615" started-at="2020-04-25T22:58:43 CEST" finished-at="2020-04-25T23:01:24 CEST">
      <class name="com.crm.qa.testcases.HomePageTest">
        <test-method status="PASS" signature="setUp()[pri:0, instance:com.crm.qa.testcases.HomePageTest@ea1a8d5]" name="setUp" is-config="true" duration-ms="13445" started-at="2020-04-25T22:59:08 CEST" finished-at="2020-04-25T22:59:21 CEST">
          <reporter-output>
          </reporter-output>
        </test-method> <!-- setUp -->
        <test-method status="PASS" signature="homePageTitleTest()[pri:1, instance:com.crm.qa.testcases.HomePageTest@ea1a8d5]" name="homePageTitleTest" duration-ms="5019" started-at="2020-04-25T22:59:21 CEST" finished-at="2020-04-25T22:59:26 CEST">
          <reporter-output>
          </reporter-output>
        </test-method> <!-- homePageTitleTest -->
        <test-method status="PASS" signature="tearDown()[pri:0, instance:com.crm.qa.testcases.HomePageTest@ea1a8d5]" name="tearDown" is-config="true" duration-ms="1180" started-at="2020-04-25T22:59:26 CEST" finished-at="2020-04-25T22:59:28 CEST">
          <reporter-output>
          </reporter-output>
        </test-method> <!-- tearDown -->
        <test-method status="PASS" signature="setUp()[pri:0, instance:com.crm.qa.testcases.HomePageTest@ea1a8d5]" name="setUp" is-config="true" duration-ms="14417" started-at="2020-04-25T22:59:28 CEST" finished-at="2020-04-25T22:59:42 CEST">
          <reporter-output>
          </reporter-output>
        </test-method> <!-- setUp -->
        <test-method status="PASS" signature="validateLoggedInUserTest()[pri:2, instance:com.crm.qa.testcases.HomePageTest@ea1a8d5]" name="validateLoggedInUserTest" duration-ms="5097" started-at="2020-04-25T22:59:42 CEST" finished-at="2020-04-25T22:59:47 CEST">
          <reporter-output>
          </reporter-output>
        </test-method> <!-- validateLoggedInUserTest -->
        <test-method status="PASS" signature="tearDown()[pri:0, instance:com.crm.qa.testcases.HomePageTest@ea1a8d5]" name="tearDown" is-config="true" duration-ms="1210" started-at="2020-04-25T22:59:47 CEST" finished-at="2020-04-25T22:59:48 CEST">
          <reporter-output>
          </reporter-output>
        </test-method> <!-- tearDown -->
        <test-method status="PASS" signature="setUp()[pri:0, instance:com.crm.qa.testcases.HomePageTest@ea1a8d5]" name="setUp" is-config="true" duration-ms="13802" started-at="2020-04-25T22:59:48 CEST" finished-at="2020-04-25T23:00:02 CEST">
          <reporter-output>
          </reporter-output>
        </test-method> <!-- setUp -->
        <test-method status="PASS" signature="navigateToContactsPage()[pri:3, instance:com.crm.qa.testcases.HomePageTest@ea1a8d5]" name="navigateToContactsPage" duration-ms="5332" started-at="2020-04-25T23:00:02 CEST" finished-at="2020-04-25T23:00:07 CEST">
          <reporter-output>
          </reporter-output>
        </test-method> <!-- navigateToContactsPage -->
        <test-method status="PASS" signature="tearDown()[pri:0, instance:com.crm.qa.testcases.HomePageTest@ea1a8d5]" name="tearDown" is-config="true" duration-ms="1169" started-at="2020-04-25T23:00:07 CEST" finished-at="2020-04-25T23:00:09 CEST">
          <reporter-output>
          </reporter-output>
        </test-method> <!-- tearDown -->
      </class> <!-- com.crm.qa.testcases.HomePageTest -->
      <class name="com.crm.qa.testcases.ContactsPageTest">
        <test-method status="PASS" signature="setUp()[pri:0, instance:com.crm.qa.testcases.ContactsPageTest@1563da5]" name="setUp" is-config="true" duration-ms="12811" started-at="2020-04-25T23:00:10 CEST" finished-at="2020-04-25T23:00:22 CEST">
          <reporter-output>
          </reporter-output>
        </test-method> <!-- setUp -->
        <test-method status="PASS" signature="createContacts(java.lang.String, java.lang.String, java.lang.String)[pri:1, instance:com.crm.qa.testcases.ContactsPageTest@1563da5]" name="createContacts" duration-ms="19842" started-at="2020-04-25T23:00:22 CEST" data-provider="getCRMTestData" finished-at="2020-04-25T23:00:42 CEST">
          <params>
            <param index="0">
              <value>
                <![CDATA[Aarav]]>
              </value>
            </param>
            <param index="1">
              <value>
                <![CDATA[DandeDas]]>
              </value>
            </param>
            <param index="2">
              <value>
                <![CDATA[New]]>
              </value>
            </param>
          </params>
          <reporter-output>
          </reporter-output>
        </test-method> <!-- createContacts -->
        <test-method status="PASS" signature="tearDown()[pri:0, instance:com.crm.qa.testcases.ContactsPageTest@1563da5]" name="tearDown" is-config="true" duration-ms="4164" started-at="2020-04-25T23:00:42 CEST" finished-at="2020-04-25T23:00:46 CEST">
          <reporter-output>
          </reporter-output>
        </test-method> <!-- tearDown -->
        <test-method status="PASS" signature="setUp()[pri:0, instance:com.crm.qa.testcases.ContactsPageTest@1563da5]" name="setUp" is-config="true" duration-ms="13264" started-at="2020-04-25T23:00:46 CEST" finished-at="2020-04-25T23:01:00 CEST">
          <reporter-output>
          </reporter-output>
        </test-method> <!-- setUp -->
        <test-method status="PASS" signature="createContacts(java.lang.String, java.lang.String, java.lang.String)[pri:1, instance:com.crm.qa.testcases.ContactsPageTest@1563da5]" name="createContacts" duration-ms="19761" started-at="2020-04-25T23:01:00 CEST" data-provider="getCRMTestData" finished-at="2020-04-25T23:01:19 CEST">
          <params>
            <param index="0">
              <value>
                <![CDATA[Anuradha]]>
              </value>
            </param>
            <param index="1">
              <value>
                <![CDATA[Dande]]>
              </value>
            </param>
            <param index="2">
              <value>
                <![CDATA[New]]>
              </value>
            </param>
          </params>
          <reporter-output>
          </reporter-output>
        </test-method> <!-- createContacts -->
        <test-method status="PASS" signature="tearDown()[pri:0, instance:com.crm.qa.testcases.ContactsPageTest@1563da5]" name="tearDown" is-config="true" duration-ms="4238" started-at="2020-04-25T23:01:19 CEST" finished-at="2020-04-25T23:01:24 CEST">
          <reporter-output>
          </reporter-output>
        </test-method> <!-- tearDown -->
      </class> <!-- com.crm.qa.testcases.ContactsPageTest -->
      <class name="com.crm.qa.testcases.LoginPageTest">
        <test-method status="PASS" signature="setUp()[pri:0, instance:com.crm.qa.testcases.LoginPageTest@528931cf]" name="setUp" is-config="true" duration-ms="7943" started-at="2020-04-25T22:58:43 CEST" finished-at="2020-04-25T22:58:51 CEST">
          <reporter-output>
          </reporter-output>
        </test-method> <!-- setUp -->
        <test-method status="PASS" signature="loginPageTitleTest()[pri:1, instance:com.crm.qa.testcases.LoginPageTest@528931cf]" name="loginPageTitleTest" duration-ms="27" started-at="2020-04-25T22:58:51 CEST" finished-at="2020-04-25T22:58:51 CEST">
          <reporter-output>
          </reporter-output>
        </test-method> <!-- loginPageTitleTest -->
        <test-method status="PASS" signature="tearDown()[pri:0, instance:com.crm.qa.testcases.LoginPageTest@528931cf]" name="tearDown" is-config="true" duration-ms="970" started-at="2020-04-25T22:58:51 CEST" finished-at="2020-04-25T22:58:52 CEST">
          <reporter-output>
          </reporter-output>
        </test-method> <!-- tearDown -->
        <test-method status="PASS" signature="setUp()[pri:0, instance:com.crm.qa.testcases.LoginPageTest@528931cf]" name="setUp" is-config="true" duration-ms="7086" started-at="2020-04-25T22:58:52 CEST" finished-at="2020-04-25T22:58:59 CEST">
          <reporter-output>
          </reporter-output>
        </test-method> <!-- setUp -->
        <test-method status="PASS" signature="loginTest()[pri:2, instance:com.crm.qa.testcases.LoginPageTest@528931cf]" name="loginTest" duration-ms="7635" started-at="2020-04-25T22:58:59 CEST" finished-at="2020-04-25T22:59:07 CEST">
          <reporter-output>
          </reporter-output>
        </test-method> <!-- loginTest -->
        <test-method status="PASS" signature="tearDown()[pri:0, instance:com.crm.qa.testcases.LoginPageTest@528931cf]" name="tearDown" is-config="true" duration-ms="1197" started-at="2020-04-25T22:59:07 CEST" finished-at="2020-04-25T22:59:08 CEST">
          <reporter-output>
          </reporter-output>
        </test-method> <!-- tearDown -->
      </class> <!-- com.crm.qa.testcases.LoginPageTest -->
    </test> <!-- FREE CRM App Test -->
  </suite> <!-- FREE CRM Automation Test Suite -->
</testng-results>
