<?xml version="1.0" encoding="UTF-8"?>
<testng-results skipped="0" failed="0" ignored="0" total="2" passed="2">
  <reporter-output>
  </reporter-output>
  <suite name="Default suite" duration-ms="71898" started-at="2020-04-27T16:43:25 CEST" finished-at="2020-04-27T16:44:36 CEST">
    <groups>
    </groups>
    <test name="Default test" duration-ms="71898" started-at="2020-04-27T16:43:25 CEST" finished-at="2020-04-27T16:44:36 CEST">
      <class name="com.crm.qa.testcases.ContactsPageTest">
        <test-method status="PASS" signature="setUp()[pri:0, instance:com.crm.qa.testcases.ContactsPageTest@7a1ebcd8]" name="setUp" is-config="true" duration-ms="13514" started-at="2020-04-27T16:43:25 CEST" finished-at="2020-04-27T16:43:38 CEST">
          <reporter-output>
          </reporter-output>
        </test-method> <!-- setUp -->
        <test-method status="PASS" signature="createContacts(java.lang.String, java.lang.String, java.lang.String)[pri:1, instance:com.crm.qa.testcases.ContactsPageTest@7a1ebcd8]" name="createContacts" duration-ms="19118" started-at="2020-04-27T16:43:38 CEST" data-provider="getCRMTestData" finished-at="2020-04-27T16:43:58 CEST">
          <params>
            <param index="0">
              <value>
                <![CDATA[Aarav]]>
              </value>
            </param>
            <param index="1">
              <value>
                <![CDATA[DandeDas]]>
              </value>
            </param>
            <param index="2">
              <value>
                <![CDATA[New]]>
              </value>
            </param>
          </params>
          <reporter-output>
          </reporter-output>
        </test-method> <!-- createContacts -->
        <test-method status="PASS" signature="tearDown()[pri:0, instance:com.crm.qa.testcases.ContactsPageTest@7a1ebcd8]" name="tearDown" is-config="true" duration-ms="3894" started-at="2020-04-27T16:43:58 CEST" finished-at="2020-04-27T16:44:01 CEST">
          <reporter-output>
          </reporter-output>
        </test-method> <!-- tearDown -->
        <test-method status="PASS" signature="setUp()[pri:0, instance:com.crm.qa.testcases.ContactsPageTest@7a1ebcd8]" name="setUp" is-config="true" duration-ms="11940" started-at="2020-04-27T16:44:01 CEST" finished-at="2020-04-27T16:44:13 CEST">
          <reporter-output>
          </reporter-output>
        </test-method> <!-- setUp -->
        <test-method status="PASS" signature="createContacts(java.lang.String, java.lang.String, java.lang.String)[pri:1, instance:com.crm.qa.testcases.ContactsPageTest@7a1ebcd8]" name="createContacts" duration-ms="19099" started-at="2020-04-27T16:44:13 CEST" data-provider="getCRMTestData" finished-at="2020-04-27T16:44:33 CEST">
          <params>
            <param index="0">
              <value>
                <![CDATA[Anuradha]]>
              </value>
            </param>
            <param index="1">
              <value>
                <![CDATA[Dande]]>
              </value>
            </param>
            <param index="2">
              <value>
                <![CDATA[New]]>
              </value>
            </param>
          </params>
          <reporter-output>
          </reporter-output>
        </test-method> <!-- createContacts -->
        <test-method status="PASS" signature="tearDown()[pri:0, instance:com.crm.qa.testcases.ContactsPageTest@7a1ebcd8]" name="tearDown" is-config="true" duration-ms="3872" started-at="2020-04-27T16:44:33 CEST" finished-at="2020-04-27T16:44:36 CEST">
          <reporter-output>
          </reporter-output>
        </test-method> <!-- tearDown -->
      </class> <!-- com.crm.qa.testcases.ContactsPageTest -->
    </test> <!-- Default test -->
  </suite> <!-- Default suite -->
</testng-results>
